timestamp: 2025-06-10T23:26:26.747365
CREATE TABLE "py4web_error"(
    "id" INTEGER PRIMARY KEY AUTOINCREMENT,
    "uuid" CHAR(512),
    "app_name" CHAR(512),
    "method" CHAR(512),
    "path" CHAR(512),
    "timestamp" TIMESTAMP,
    "client_ip" CHAR(512),
    "error" CHAR(512),
    "snapshot" TEXT
);
success!
timestamp: 2025-06-10T23:26:26.931356
CREATE TABLE "auth_user"(
    "id" INTEGER PRIMARY KEY AUTOINCREMENT,
    "username" CHAR(512) UNIQUE,
    "email" CHAR(512) UNIQUE,
    "password" CHAR(512),
    "first_name" CHAR(512),
    "last_name" CHAR(512),
    "sso_id" CHAR(512),
    "action_token" CHAR(512),
    "last_password_change" TIMESTAMP
);
success!
